CRITICAL - 2023-09-18 08:25:11 --> Undefined property: App\Controllers\Clientes::$unidades
in APPPATH\Controllers\Clientes.php on line 45.
 1 APPPATH\Controllers\Clientes.php(45): CodeIgniter\Debug\Exceptions->errorHandler(2, 'Undefined property: App\\Controllers\\Clientes::$unidades', 'D:\\wamp64\\www\\pos\\app\\Controllers\\Clientes.php', 45)
 2 SYSTEMPATH\CodeIgniter.php(915): App\Controllers\Clientes->nuevo()
 3 SYSTEMPATH\CodeIgniter.php(492): CodeIgniter\CodeIgniter->runController(Object(App\Controllers\Clientes))
 4 SYSTEMPATH\CodeIgniter.php(353): CodeIgniter\CodeIgniter->handleRequest(null, Object(Config\Cache), false)
 5 FCPATH\index.php(79): CodeIgniter\CodeIgniter->run()
CRITICAL - 2023-09-18 08:26:09 --> Undefined property: App\Controllers\Clientes::$unidades
in APPPATH\Controllers\Clientes.php on line 45.
 1 APPPATH\Controllers\Clientes.php(45): CodeIgniter\Debug\Exceptions->errorHandler(2, 'Undefined property: App\\Controllers\\Clientes::$unidades', 'D:\\wamp64\\www\\pos\\app\\Controllers\\Clientes.php', 45)
 2 SYSTEMPATH\CodeIgniter.php(915): App\Controllers\Clientes->nuevo()
 3 SYSTEMPATH\CodeIgniter.php(492): CodeIgniter\CodeIgniter->runController(Object(App\Controllers\Clientes))
 4 SYSTEMPATH\CodeIgniter.php(353): CodeIgniter\CodeIgniter->handleRequest(null, Object(Config\Cache), false)
 5 FCPATH\index.php(79): CodeIgniter\CodeIgniter->run()
CRITICAL - 2023-09-18 08:26:14 --> Undefined property: App\Controllers\Clientes::$unidades
in APPPATH\Controllers\Clientes.php on line 45.
 1 APPPATH\Controllers\Clientes.php(45): CodeIgniter\Debug\Exceptions->errorHandler(2, 'Undefined property: App\\Controllers\\Clientes::$unidades', 'D:\\wamp64\\www\\pos\\app\\Controllers\\Clientes.php', 45)
 2 SYSTEMPATH\CodeIgniter.php(915): App\Controllers\Clientes->nuevo()
 3 SYSTEMPATH\CodeIgniter.php(492): CodeIgniter\CodeIgniter->runController(Object(App\Controllers\Clientes))
 4 SYSTEMPATH\CodeIgniter.php(353): CodeIgniter\CodeIgniter->handleRequest(null, Object(Config\Cache), false)
 5 FCPATH\index.php(79): CodeIgniter\CodeIgniter->run()
CRITICAL - 2023-09-18 08:26:51 --> Undefined variable $unidades
in APPPATH\Controllers\Clientes.php on line 47.
 1 APPPATH\Controllers\Clientes.php(47): CodeIgniter\Debug\Exceptions->errorHandler(2, 'Undefined variable $unidades', 'D:\\wamp64\\www\\pos\\app\\Controllers\\Clientes.php', 47)
 2 SYSTEMPATH\CodeIgniter.php(915): App\Controllers\Clientes->nuevo()
 3 SYSTEMPATH\CodeIgniter.php(492): CodeIgniter\CodeIgniter->runController(Object(App\Controllers\Clientes))
 4 SYSTEMPATH\CodeIgniter.php(353): CodeIgniter\CodeIgniter->handleRequest(null, Object(Config\Cache), false)
 5 FCPATH\index.php(79): CodeIgniter\CodeIgniter->run()
CRITICAL - 2023-09-18 08:29:43 --> Undefined variable $unidades
in APPPATH\Controllers\Clientes.php on line 47.
 1 APPPATH\Controllers\Clientes.php(47): CodeIgniter\Debug\Exceptions->errorHandler(2, 'Undefined variable $unidades', 'D:\\wamp64\\www\\pos\\app\\Controllers\\Clientes.php', 47)
 2 SYSTEMPATH\CodeIgniter.php(915): App\Controllers\Clientes->nuevo()
 3 SYSTEMPATH\CodeIgniter.php(492): CodeIgniter\CodeIgniter->runController(Object(App\Controllers\Clientes))
 4 SYSTEMPATH\CodeIgniter.php(353): CodeIgniter\CodeIgniter->handleRequest(null, Object(Config\Cache), false)
 5 FCPATH\index.php(79): CodeIgniter\CodeIgniter->run()
CRITICAL - 2023-09-18 08:30:47 --> Undefined variable $unidades
in APPPATH\Views\clientes\nuevo.php on line 33.
 1 APPPATH\Views\clientes\nuevo.php(33): CodeIgniter\Debug\Exceptions->errorHandler(2, 'Undefined variable $unidades', 'D:\\wamp64\\www\\pos\\app\\Views\\clientes\\nuevo.php', 33)
 2 SYSTEMPATH\View\View.php(226): include('D:\\wamp64\\www\\pos\\app\\Views\\clientes\\nuevo.php')
 3 SYSTEMPATH\View\View.php(229): CodeIgniter\View\View->CodeIgniter\View\{closure}()
 4 SYSTEMPATH\Common.php(1178): CodeIgniter\View\View->render('clientes/nuevo', [], true)
 5 APPPATH\Controllers\Clientes.php(42): view('clientes/nuevo', [...])
 6 SYSTEMPATH\CodeIgniter.php(915): App\Controllers\Clientes->nuevo()
 7 SYSTEMPATH\CodeIgniter.php(492): CodeIgniter\CodeIgniter->runController(Object(App\Controllers\Clientes))
 8 SYSTEMPATH\CodeIgniter.php(353): CodeIgniter\CodeIgniter->handleRequest(null, Object(Config\Cache), false)
 9 FCPATH\index.php(79): CodeIgniter\CodeIgniter->run()
CRITICAL - 2023-09-18 08:32:21 --> Undefined variable $clientes
in APPPATH\Views\clientes\nuevo.php on line 33.
 1 APPPATH\Views\clientes\nuevo.php(33): CodeIgniter\Debug\Exceptions->errorHandler(2, 'Undefined variable $clientes', 'D:\\wamp64\\www\\pos\\app\\Views\\clientes\\nuevo.php', 33)
 2 SYSTEMPATH\View\View.php(226): include('D:\\wamp64\\www\\pos\\app\\Views\\clientes\\nuevo.php')
 3 SYSTEMPATH\View\View.php(229): CodeIgniter\View\View->CodeIgniter\View\{closure}()
 4 SYSTEMPATH\Common.php(1178): CodeIgniter\View\View->render('clientes/nuevo', [], true)
 5 APPPATH\Controllers\Clientes.php(42): view('clientes/nuevo', [...])
 6 SYSTEMPATH\CodeIgniter.php(915): App\Controllers\Clientes->nuevo()
 7 SYSTEMPATH\CodeIgniter.php(492): CodeIgniter\CodeIgniter->runController(Object(App\Controllers\Clientes))
 8 SYSTEMPATH\CodeIgniter.php(353): CodeIgniter\CodeIgniter->handleRequest(null, Object(Config\Cache), false)
 9 FCPATH\index.php(79): CodeIgniter\CodeIgniter->run()
CRITICAL - 2023-09-18 08:44:19 --> Undefined array key "Direccion"
in APPPATH\Views\clientes\clientes.php on line 31.
 1 APPPATH\Views\clientes\clientes.php(31): CodeIgniter\Debug\Exceptions->errorHandler(2, 'Undefined array key "Direccion"', 'D:\\wamp64\\www\\pos\\app\\Views\\clientes\\clientes.php', 31)
 2 SYSTEMPATH\View\View.php(226): include('D:\\wamp64\\www\\pos\\app\\Views\\clientes\\clientes.php')
 3 SYSTEMPATH\View\View.php(229): CodeIgniter\View\View->CodeIgniter\View\{closure}()
 4 SYSTEMPATH\Common.php(1178): CodeIgniter\View\View->render('clientes/clientes', [], true)
 5 APPPATH\Controllers\Clientes.php(47): view('clientes/clientes', [...])
 6 SYSTEMPATH\CodeIgniter.php(915): App\Controllers\Clientes->index()
 7 SYSTEMPATH\CodeIgniter.php(492): CodeIgniter\CodeIgniter->runController(Object(App\Controllers\Clientes))
 8 SYSTEMPATH\CodeIgniter.php(353): CodeIgniter\CodeIgniter->handleRequest(null, Object(Config\Cache), false)
 9 FCPATH\index.php(79): CodeIgniter\CodeIgniter->run()
CRITICAL - 2023-09-18 08:46:42 --> Undefined variable $productos
in APPPATH\Views\clientes\editar.php on line 8.
 1 APPPATH\Views\clientes\editar.php(8): CodeIgniter\Debug\Exceptions->errorHandler(2, 'Undefined variable $productos', 'D:\\wamp64\\www\\pos\\app\\Views\\clientes\\editar.php', 8)
 2 SYSTEMPATH\View\View.php(226): include('D:\\wamp64\\www\\pos\\app\\Views\\clientes\\editar.php')
 3 SYSTEMPATH\View\View.php(229): CodeIgniter\View\View->CodeIgniter\View\{closure}()
 4 SYSTEMPATH\Common.php(1178): CodeIgniter\View\View->render('clientes/editar', [], true)
 5 APPPATH\Controllers\Clientes.php(84): view('clientes/editar', [...])
 6 SYSTEMPATH\CodeIgniter.php(915): App\Controllers\Clientes->editar('2')
 7 SYSTEMPATH\CodeIgniter.php(492): CodeIgniter\CodeIgniter->runController(Object(App\Controllers\Clientes))
 8 SYSTEMPATH\CodeIgniter.php(353): CodeIgniter\CodeIgniter->handleRequest(null, Object(Config\Cache), false)
 9 FCPATH\index.php(79): CodeIgniter\CodeIgniter->run()
