CRITICAL - 2023-09-07 04:39:01 --> Too few arguments to function App\Controllers\Unidades::editar(), 0 passed in D:\wamp64\www\pos\system\CodeIgniter.php on line 915 and exactly 1 expected
in APPPATH\Controllers\Unidades.php on line 34.
 1 SYSTEMPATH\CodeIgniter.php(915): App\Controllers\Unidades->editar()
 2 SYSTEMPATH\CodeIgniter.php(492): CodeIgniter\CodeIgniter->runController(Object(App\Controllers\Unidades))
 3 SYSTEMPATH\CodeIgniter.php(353): CodeIgniter\CodeIgniter->handleRequest(null, Object(Config\Cache), false)
 4 FCPATH\index.php(79): CodeIgniter\CodeIgniter->run()
CRITICAL - 2023-09-07 04:40:04 --> Too few arguments to function App\Controllers\Unidades::editar(), 0 passed in D:\wamp64\www\pos\system\CodeIgniter.php on line 915 and exactly 1 expected
in APPPATH\Controllers\Unidades.php on line 34.
 1 SYSTEMPATH\CodeIgniter.php(915): App\Controllers\Unidades->editar()
 2 SYSTEMPATH\CodeIgniter.php(492): CodeIgniter\CodeIgniter->runController(Object(App\Controllers\Unidades))
 3 SYSTEMPATH\CodeIgniter.php(353): CodeIgniter\CodeIgniter->handleRequest(null, Object(Config\Cache), false)
 4 FCPATH\index.php(79): CodeIgniter\CodeIgniter->run()
CRITICAL - 2023-09-07 04:43:00 --> Too few arguments to function App\Controllers\Unidades::editar(), 0 passed in D:\wamp64\www\pos\system\CodeIgniter.php on line 915 and exactly 1 expected
in APPPATH\Controllers\Unidades.php on line 34.
 1 SYSTEMPATH\CodeIgniter.php(915): App\Controllers\Unidades->editar()
 2 SYSTEMPATH\CodeIgniter.php(492): CodeIgniter\CodeIgniter->runController(Object(App\Controllers\Unidades))
 3 SYSTEMPATH\CodeIgniter.php(353): CodeIgniter\CodeIgniter->handleRequest(null, Object(Config\Cache), false)
 4 FCPATH\index.php(79): CodeIgniter\CodeIgniter->run()
CRITICAL - 2023-09-07 04:43:07 --> Too few arguments to function App\Controllers\Unidades::editar(), 0 passed in D:\wamp64\www\pos\system\CodeIgniter.php on line 915 and exactly 1 expected
in APPPATH\Controllers\Unidades.php on line 34.
 1 SYSTEMPATH\CodeIgniter.php(915): App\Controllers\Unidades->editar()
 2 SYSTEMPATH\CodeIgniter.php(492): CodeIgniter\CodeIgniter->runController(Object(App\Controllers\Unidades))
 3 SYSTEMPATH\CodeIgniter.php(353): CodeIgniter\CodeIgniter->handleRequest(null, Object(Config\Cache), false)
 4 FCPATH\index.php(79): CodeIgniter\CodeIgniter->run()
CRITICAL - 2023-09-07 08:36:56 --> Undefined array key "nombre_corto"
in APPPATH\Views\categorias\editar.php on line 16.
 1 APPPATH\Views\categorias\editar.php(16): CodeIgniter\Debug\Exceptions->errorHandler(2, 'Undefined array key "nombre_corto"', 'D:\\wamp64\\www\\pos\\app\\Views\\categorias\\editar.php', 16)
 2 SYSTEMPATH\View\View.php(226): include('D:\\wamp64\\www\\pos\\app\\Views\\categorias\\editar.php')
 3 SYSTEMPATH\View\View.php(229): CodeIgniter\View\View->CodeIgniter\View\{closure}()
 4 SYSTEMPATH\Common.php(1178): CodeIgniter\View\View->render('categorias/editar', [], true)
 5 APPPATH\Controllers\Categorias.php(38): view('categorias/editar', [...])
 6 SYSTEMPATH\CodeIgniter.php(915): App\Controllers\Categorias->editar('2')
 7 SYSTEMPATH\CodeIgniter.php(492): CodeIgniter\CodeIgniter->runController(Object(App\Controllers\Categorias))
 8 SYSTEMPATH\CodeIgniter.php(353): CodeIgniter\CodeIgniter->handleRequest(null, Object(Config\Cache), false)
 9 FCPATH\index.php(79): CodeIgniter\CodeIgniter->run()
