ERROR - 2023-09-11 22:48:22 --> mysqli_sql_exception: Duplicate entry '1111111' for key 'productos.codigo' in D:\wamp64\www\pos\system\Database\MySQLi\Connection.php:306
Stack trace:
#0 D:\wamp64\www\pos\system\Database\MySQLi\Connection.php(306): mysqli->query('INSERT INTO `pr...', 0)
#1 D:\wamp64\www\pos\system\Database\BaseConnection.php(692): CodeIgniter\Database\MySQLi\Connection->execute('INSERT INTO `pr...')
#2 D:\wamp64\www\pos\system\Database\BaseConnection.php(606): CodeIgniter\Database\BaseConnection->simpleQuery('INSERT INTO `pr...')
#3 D:\wamp64\www\pos\system\Database\BaseBuilder.php(2309): CodeIgniter\Database\BaseConnection->query('INSERT INTO `pr...', Array, false)
#4 D:\wamp64\www\pos\system\Model.php(319): CodeIgniter\Database\BaseBuilder->insert()
#5 D:\wamp64\www\pos\system\BaseModel.php(788): CodeIgniter\Model->doInsert(Array)
#6 D:\wamp64\www\pos\system\Model.php(715): CodeIgniter\BaseModel->insert(Array, false)
#7 D:\wamp64\www\pos\system\BaseModel.php(698): CodeIgniter\Model->insert(Array, false)
#8 D:\wamp64\www\pos\app\Controllers\Productos.php(48): CodeIgniter\BaseModel->save(Array)
#9 D:\wamp64\www\pos\system\CodeIgniter.php(915): App\Controllers\Productos->insertar()
#10 D:\wamp64\www\pos\system\CodeIgniter.php(492): CodeIgniter\CodeIgniter->runController(Object(App\Controllers\Productos))
#11 D:\wamp64\www\pos\system\CodeIgniter.php(353): CodeIgniter\CodeIgniter->handleRequest(NULL, Object(Config\Cache), false)
#12 D:\wamp64\www\pos\public\index.php(79): CodeIgniter\CodeIgniter->run()
#13 {main}
CRITICAL - 2023-09-11 22:48:22 --> Duplicate entry '1111111' for key 'productos.codigo'
in SYSTEMPATH\Database\BaseConnection.php on line 646.
 1 SYSTEMPATH\Database\BaseBuilder.php(2309): CodeIgniter\Database\BaseConnection->query('INSERT INTO `productos` (`codigo`, `nombre`, `precio_venta`, `precio_compra`, `stock_minimo`, `inventariable`, `id_unidad`, `id_categoria`, `fecha_alta`, `fecha_edit`) VALUES (:codigo:, :nombre:, :precio_venta:, :precio_compra:, :stock_minimo:, :inventariable:, :id_unidad:, :id_categoria:, :fecha_alta:, :fecha_edit:)', [...], false)
 2 SYSTEMPATH\Model.php(319): CodeIgniter\Database\BaseBuilder->insert()
 3 SYSTEMPATH\BaseModel.php(788): CodeIgniter\Model->doInsert([...])
 4 SYSTEMPATH\Model.php(715): CodeIgniter\BaseModel->insert([...], false)
 5 SYSTEMPATH\BaseModel.php(698): CodeIgniter\Model->insert([...], false)
 6 APPPATH\Controllers\Productos.php(48): CodeIgniter\BaseModel->save([...])
 7 SYSTEMPATH\CodeIgniter.php(915): App\Controllers\Productos->insertar()
 8 SYSTEMPATH\CodeIgniter.php(492): CodeIgniter\CodeIgniter->runController(Object(App\Controllers\Productos))
 9 SYSTEMPATH\CodeIgniter.php(353): CodeIgniter\CodeIgniter->handleRequest(null, Object(Config\Cache), false)
10 FCPATH\index.php(79): CodeIgniter\CodeIgniter->run()
CRITICAL - 2023-09-11 23:20:18 --> Undefined variable $unidades
in APPPATH\Views\productos\nuevo.php on line 33.
 1 APPPATH\Views\productos\nuevo.php(33): CodeIgniter\Debug\Exceptions->errorHandler(2, 'Undefined variable $unidades', 'D:\\wamp64\\www\\pos\\app\\Views\\productos\\nuevo.php', 33)
 2 SYSTEMPATH\View\View.php(226): include('D:\\wamp64\\www\\pos\\app\\Views\\productos\\nuevo.php')
 3 SYSTEMPATH\View\View.php(229): CodeIgniter\View\View->CodeIgniter\View\{closure}()
 4 SYSTEMPATH\Common.php(1178): CodeIgniter\View\View->render('productos/nuevo', [], true)
 5 APPPATH\Controllers\Productos.php(71): view('productos/nuevo', [...])
 6 SYSTEMPATH\CodeIgniter.php(915): App\Controllers\Productos->insertar()
 7 SYSTEMPATH\CodeIgniter.php(492): CodeIgniter\CodeIgniter->runController(Object(App\Controllers\Productos))
 8 SYSTEMPATH\CodeIgniter.php(353): CodeIgniter\CodeIgniter->handleRequest(null, Object(Config\Cache), false)
 9 FCPATH\index.php(79): CodeIgniter\CodeIgniter->run()
