CRITICAL - 2023-09-09 03:24:47 --> Undefined variable $producto
in APPPATH\Views\productos\nuevo.php on line 28.
 1 APPPATH\Views\productos\nuevo.php(28): CodeIgniter\Debug\Exceptions->errorHandler(2, 'Undefined variable $producto', 'D:\\wamp64\\www\\pos\\app\\Views\\productos\\nuevo.php', 28)
 2 SYSTEMPATH\View\View.php(226): include('D:\\wamp64\\www\\pos\\app\\Views\\productos\\nuevo.php')
 3 SYSTEMPATH\View\View.php(229): CodeIgniter\View\View->CodeIgniter\View\{closure}()
 4 SYSTEMPATH\Common.php(1178): CodeIgniter\View\View->render('productos/nuevo', [], true)
 5 APPPATH\Controllers\Productos.php(34): view('productos/nuevo', [...])
 6 SYSTEMPATH\CodeIgniter.php(915): App\Controllers\Productos->nuevo()
 7 SYSTEMPATH\CodeIgniter.php(492): CodeIgniter\CodeIgniter->runController(Object(App\Controllers\Productos))
 8 SYSTEMPATH\CodeIgniter.php(353): CodeIgniter\CodeIgniter->handleRequest(null, Object(Config\Cache), false)
 9 FCPATH\index.php(79): CodeIgniter\CodeIgniter->run()
CRITICAL - 2023-09-09 03:24:53 --> Undefined variable $producto
in APPPATH\Views\productos\editar.php on line 29.
 1 APPPATH\Views\productos\editar.php(29): CodeIgniter\Debug\Exceptions->errorHandler(2, 'Undefined variable $producto', 'D:\\wamp64\\www\\pos\\app\\Views\\productos\\editar.php', 29)
 2 SYSTEMPATH\View\View.php(226): include('D:\\wamp64\\www\\pos\\app\\Views\\productos\\editar.php')
 3 SYSTEMPATH\View\View.php(229): CodeIgniter\View\View->CodeIgniter\View\{closure}()
 4 SYSTEMPATH\Common.php(1178): CodeIgniter\View\View->render('productos/editar', [], true)
 5 APPPATH\Controllers\Productos.php(66): view('productos/editar', [...])
 6 SYSTEMPATH\CodeIgniter.php(915): App\Controllers\Productos->editar('2')
 7 SYSTEMPATH\CodeIgniter.php(492): CodeIgniter\CodeIgniter->runController(Object(App\Controllers\Productos))
 8 SYSTEMPATH\CodeIgniter.php(353): CodeIgniter\CodeIgniter->handleRequest(null, Object(Config\Cache), false)
 9 FCPATH\index.php(79): CodeIgniter\CodeIgniter->run()
CRITICAL - 2023-09-09 03:25:48 --> Undefined variable $producto
in APPPATH\Views\productos\editar.php on line 29.
 1 APPPATH\Views\productos\editar.php(29): CodeIgniter\Debug\Exceptions->errorHandler(2, 'Undefined variable $producto', 'D:\\wamp64\\www\\pos\\app\\Views\\productos\\editar.php', 29)
 2 SYSTEMPATH\View\View.php(226): include('D:\\wamp64\\www\\pos\\app\\Views\\productos\\editar.php')
 3 SYSTEMPATH\View\View.php(229): CodeIgniter\View\View->CodeIgniter\View\{closure}()
 4 SYSTEMPATH\Common.php(1178): CodeIgniter\View\View->render('productos/editar', [], true)
 5 APPPATH\Controllers\Productos.php(66): view('productos/editar', [...])
 6 SYSTEMPATH\CodeIgniter.php(915): App\Controllers\Productos->editar('2')
 7 SYSTEMPATH\CodeIgniter.php(492): CodeIgniter\CodeIgniter->runController(Object(App\Controllers\Productos))
 8 SYSTEMPATH\CodeIgniter.php(353): CodeIgniter\CodeIgniter->handleRequest(null, Object(Config\Cache), false)
 9 FCPATH\index.php(79): CodeIgniter\CodeIgniter->run()
CRITICAL - 2023-09-09 03:29:05 --> Undefined variable $producto
in APPPATH\Views\productos\editar.php on line 29.
 1 APPPATH\Views\productos\editar.php(29): CodeIgniter\Debug\Exceptions->errorHandler(2, 'Undefined variable $producto', 'D:\\wamp64\\www\\pos\\app\\Views\\productos\\editar.php', 29)
 2 SYSTEMPATH\View\View.php(226): include('D:\\wamp64\\www\\pos\\app\\Views\\productos\\editar.php')
 3 SYSTEMPATH\View\View.php(229): CodeIgniter\View\View->CodeIgniter\View\{closure}()
 4 SYSTEMPATH\Common.php(1178): CodeIgniter\View\View->render('productos/editar', [], true)
 5 APPPATH\Controllers\Productos.php(66): view('productos/editar', [...])
 6 SYSTEMPATH\CodeIgniter.php(915): App\Controllers\Productos->editar('4')
 7 SYSTEMPATH\CodeIgniter.php(492): CodeIgniter\CodeIgniter->runController(Object(App\Controllers\Productos))
 8 SYSTEMPATH\CodeIgniter.php(353): CodeIgniter\CodeIgniter->handleRequest(null, Object(Config\Cache), false)
 9 FCPATH\index.php(79): CodeIgniter\CodeIgniter->run()
CRITICAL - 2023-09-09 03:32:44 --> Undefined variable $producto
in APPPATH\Views\productos\editar.php on line 29.
 1 APPPATH\Views\productos\editar.php(29): CodeIgniter\Debug\Exceptions->errorHandler(2, 'Undefined variable $producto', 'D:\\wamp64\\www\\pos\\app\\Views\\productos\\editar.php', 29)
 2 SYSTEMPATH\View\View.php(226): include('D:\\wamp64\\www\\pos\\app\\Views\\productos\\editar.php')
 3 SYSTEMPATH\View\View.php(229): CodeIgniter\View\View->CodeIgniter\View\{closure}()
 4 SYSTEMPATH\Common.php(1178): CodeIgniter\View\View->render('productos/editar', [], true)
 5 APPPATH\Controllers\Productos.php(66): view('productos/editar', [...])
 6 SYSTEMPATH\CodeIgniter.php(915): App\Controllers\Productos->editar('4')
 7 SYSTEMPATH\CodeIgniter.php(492): CodeIgniter\CodeIgniter->runController(Object(App\Controllers\Productos))
 8 SYSTEMPATH\CodeIgniter.php(353): CodeIgniter\CodeIgniter->handleRequest(null, Object(Config\Cache), false)
 9 FCPATH\index.php(79): CodeIgniter\CodeIgniter->run()
CRITICAL - 2023-09-09 03:37:03 --> Undefined variable $producto
in APPPATH\Views\productos\editar.php on line 29.
 1 APPPATH\Views\productos\editar.php(29): CodeIgniter\Debug\Exceptions->errorHandler(2, 'Undefined variable $producto', 'D:\\wamp64\\www\\pos\\app\\Views\\productos\\editar.php', 29)
 2 SYSTEMPATH\View\View.php(226): include('D:\\wamp64\\www\\pos\\app\\Views\\productos\\editar.php')
 3 SYSTEMPATH\View\View.php(229): CodeIgniter\View\View->CodeIgniter\View\{closure}()
 4 SYSTEMPATH\Common.php(1178): CodeIgniter\View\View->render('productos/editar', [], true)
 5 APPPATH\Controllers\Productos.php(66): view('productos/editar', [...])
 6 SYSTEMPATH\CodeIgniter.php(915): App\Controllers\Productos->editar('4')
 7 SYSTEMPATH\CodeIgniter.php(492): CodeIgniter\CodeIgniter->runController(Object(App\Controllers\Productos))
 8 SYSTEMPATH\CodeIgniter.php(353): CodeIgniter\CodeIgniter->handleRequest(null, Object(Config\Cache), false)
 9 FCPATH\index.php(79): CodeIgniter\CodeIgniter->run()
CRITICAL - 2023-09-09 03:40:32 --> Undefined variable $producto
in APPPATH\Views\productos\editar.php on line 29.
 1 APPPATH\Views\productos\editar.php(29): CodeIgniter\Debug\Exceptions->errorHandler(2, 'Undefined variable $producto', 'D:\\wamp64\\www\\pos\\app\\Views\\productos\\editar.php', 29)
 2 SYSTEMPATH\View\View.php(226): include('D:\\wamp64\\www\\pos\\app\\Views\\productos\\editar.php')
 3 SYSTEMPATH\View\View.php(229): CodeIgniter\View\View->CodeIgniter\View\{closure}()
 4 SYSTEMPATH\Common.php(1178): CodeIgniter\View\View->render('productos/editar', [], true)
 5 APPPATH\Controllers\Productos.php(66): view('productos/editar', [...])
 6 SYSTEMPATH\CodeIgniter.php(915): App\Controllers\Productos->editar('4')
 7 SYSTEMPATH\CodeIgniter.php(492): CodeIgniter\CodeIgniter->runController(Object(App\Controllers\Productos))
 8 SYSTEMPATH\CodeIgniter.php(353): CodeIgniter\CodeIgniter->handleRequest(null, Object(Config\Cache), false)
 9 FCPATH\index.php(79): CodeIgniter\CodeIgniter->run()
CRITICAL - 2023-09-09 03:41:37 --> Undefined array key "id_unidades"
in APPPATH\Views\productos\editar.php on line 29.
 1 APPPATH\Views\productos\editar.php(29): CodeIgniter\Debug\Exceptions->errorHandler(2, 'Undefined array key "id_unidades"', 'D:\\wamp64\\www\\pos\\app\\Views\\productos\\editar.php', 29)
 2 SYSTEMPATH\View\View.php(226): include('D:\\wamp64\\www\\pos\\app\\Views\\productos\\editar.php')
 3 SYSTEMPATH\View\View.php(229): CodeIgniter\View\View->CodeIgniter\View\{closure}()
 4 SYSTEMPATH\Common.php(1178): CodeIgniter\View\View->render('productos/editar', [], true)
 5 APPPATH\Controllers\Productos.php(66): view('productos/editar', [...])
 6 SYSTEMPATH\CodeIgniter.php(915): App\Controllers\Productos->editar('4')
 7 SYSTEMPATH\CodeIgniter.php(492): CodeIgniter\CodeIgniter->runController(Object(App\Controllers\Productos))
 8 SYSTEMPATH\CodeIgniter.php(353): CodeIgniter\CodeIgniter->handleRequest(null, Object(Config\Cache), false)
 9 FCPATH\index.php(79): CodeIgniter\CodeIgniter->run()
CRITICAL - 2023-09-09 03:55:15 --> Undefined array key "nombre_corto"
in APPPATH\Views\productos\eliminados.php on line 27.
 1 APPPATH\Views\productos\eliminados.php(27): CodeIgniter\Debug\Exceptions->errorHandler(2, 'Undefined array key "nombre_corto"', 'D:\\wamp64\\www\\pos\\app\\Views\\productos\\eliminados.php', 27)
 2 SYSTEMPATH\View\View.php(226): include('D:\\wamp64\\www\\pos\\app\\Views\\productos\\eliminados.php')
 3 SYSTEMPATH\View\View.php(229): CodeIgniter\View\View->CodeIgniter\View\{closure}()
 4 SYSTEMPATH\Common.php(1178): CodeIgniter\View\View->render('productos/eliminados', [], true)
 5 APPPATH\Controllers\Productos.php(94): view('productos/eliminados', [...])
 6 SYSTEMPATH\CodeIgniter.php(915): App\Controllers\Productos->eliminados()
 7 SYSTEMPATH\CodeIgniter.php(492): CodeIgniter\CodeIgniter->runController(Object(App\Controllers\Productos))
 8 SYSTEMPATH\CodeIgniter.php(353): CodeIgniter\CodeIgniter->handleRequest(null, Object(Config\Cache), false)
 9 FCPATH\index.php(79): CodeIgniter\CodeIgniter->run()
CRITICAL - 2023-09-09 04:41:08 --> Undefined variable $validation
in APPPATH\Views\unidades\nuevo.php on line 5.
 1 APPPATH\Views\unidades\nuevo.php(5): CodeIgniter\Debug\Exceptions->errorHandler(2, 'Undefined variable $validation', 'D:\\wamp64\\www\\pos\\app\\Views\\unidades\\nuevo.php', 5)
 2 SYSTEMPATH\View\View.php(226): include('D:\\wamp64\\www\\pos\\app\\Views\\unidades\\nuevo.php')
 3 SYSTEMPATH\View\View.php(229): CodeIgniter\View\View->CodeIgniter\View\{closure}()
 4 SYSTEMPATH\Common.php(1178): CodeIgniter\View\View->render('unidades/nuevo', [], true)
 5 APPPATH\Controllers\Unidades.php(25): view('unidades/nuevo', [...])
 6 SYSTEMPATH\CodeIgniter.php(915): App\Controllers\Unidades->nuevo()
 7 SYSTEMPATH\CodeIgniter.php(492): CodeIgniter\CodeIgniter->runController(Object(App\Controllers\Unidades))
 8 SYSTEMPATH\CodeIgniter.php(353): CodeIgniter\CodeIgniter->handleRequest(null, Object(Config\Cache), false)
 9 FCPATH\index.php(79): CodeIgniter\CodeIgniter->run()
