ERROR - 2023-09-06 01:25:34 --> Error connecting to the database: mysqli_sql_exception: Access denied for user 'root'@'localhost' (using password: NO) in D:\wamp64\www\pos\system\Database\MySQLi\Connection.php:185
Stack trace:
#0 D:\wamp64\www\pos\system\Database\MySQLi\Connection.php(185): mysqli->real_connect('localhost', 'root', '', 'pos', 3306, '', 0)
#1 D:\wamp64\www\pos\system\Database\BaseConnection.php(391): CodeIgniter\Database\MySQLi\Connection->connect(false)
#2 D:\wamp64\www\pos\system\Database\BaseConnection.php(574): CodeIgniter\Database\BaseConnection->initialize()
#3 D:\wamp64\www\pos\system\Database\BaseBuilder.php(1616): CodeIgniter\Database\BaseConnection->query('SELECT *\nFROM `...', Array, false)
#4 D:\wamp64\www\pos\system\Model.php(237): CodeIgniter\Database\BaseBuilder->get()
#5 D:\wamp64\www\pos\system\BaseModel.php(624): CodeIgniter\Model->doFindAll(0, 0)
#6 D:\wamp64\www\pos\app\Controllers\Unidades.php(14): CodeIgniter\BaseModel->findAll()
#7 D:\wamp64\www\pos\system\CodeIgniter.php(915): App\Controllers\Unidades->index()
#8 D:\wamp64\www\pos\system\CodeIgniter.php(492): CodeIgniter\CodeIgniter->runController(Object(App\Controllers\Unidades))
#9 D:\wamp64\www\pos\system\CodeIgniter.php(353): CodeIgniter\CodeIgniter->handleRequest(NULL, Object(Config\Cache), false)
#10 D:\wamp64\www\pos\public\index.php(79): CodeIgniter\CodeIgniter->run()
#11 {main}

Next CodeIgniter\Database\Exceptions\DatabaseException: Access denied for user '****'@'localhost' (using password: NO) in D:\wamp64\www\pos\system\Database\MySQLi\Connection.php:229
Stack trace:
#0 D:\wamp64\www\pos\system\Database\BaseConnection.php(391): CodeIgniter\Database\MySQLi\Connection->connect(false)
#1 D:\wamp64\www\pos\system\Database\BaseConnection.php(574): CodeIgniter\Database\BaseConnection->initialize()
#2 D:\wamp64\www\pos\system\Database\BaseBuilder.php(1616): CodeIgniter\Database\BaseConnection->query('SELECT *\nFROM `...', Array, false)
#3 D:\wamp64\www\pos\system\Model.php(237): CodeIgniter\Database\BaseBuilder->get()
#4 D:\wamp64\www\pos\system\BaseModel.php(624): CodeIgniter\Model->doFindAll(0, 0)
#5 D:\wamp64\www\pos\app\Controllers\Unidades.php(14): CodeIgniter\BaseModel->findAll()
#6 D:\wamp64\www\pos\system\CodeIgniter.php(915): App\Controllers\Unidades->index()
#7 D:\wamp64\www\pos\system\CodeIgniter.php(492): CodeIgniter\CodeIgniter->runController(Object(App\Controllers\Unidades))
#8 D:\wamp64\www\pos\system\CodeIgniter.php(353): CodeIgniter\CodeIgniter->handleRequest(NULL, Object(Config\Cache), false)
#9 D:\wamp64\www\pos\public\index.php(79): CodeIgniter\CodeIgniter->run()
#10 {main}
CRITICAL - 2023-09-06 01:25:34 --> Unable to connect to the database.
Main connection [MySQLi]: Access denied for user '****'@'localhost' (using password: NO)
in SYSTEMPATH\Database\BaseConnection.php on line 427.
 1 SYSTEMPATH\Database\BaseConnection.php(574): CodeIgniter\Database\BaseConnection->initialize()
 2 SYSTEMPATH\Database\BaseBuilder.php(1616): CodeIgniter\Database\BaseConnection->query('SELECT *
FROM `unidades`
WHERE `activo` = :activo:', [...], false)
 3 SYSTEMPATH\Model.php(237): CodeIgniter\Database\BaseBuilder->get()
 4 SYSTEMPATH\BaseModel.php(624): CodeIgniter\Model->doFindAll(0, 0)
 5 APPPATH\Controllers\Unidades.php(14): CodeIgniter\BaseModel->findAll()
 6 SYSTEMPATH\CodeIgniter.php(915): App\Controllers\Unidades->index()
 7 SYSTEMPATH\CodeIgniter.php(492): CodeIgniter\CodeIgniter->runController(Object(App\Controllers\Unidades))
 8 SYSTEMPATH\CodeIgniter.php(353): CodeIgniter\CodeIgniter->handleRequest(null, Object(Config\Cache), false)
 9 FCPATH\index.php(79): CodeIgniter\CodeIgniter->run()
ERROR - 2023-09-06 01:26:03 --> Error connecting to the database: mysqli_sql_exception: Access denied for user 'root'@'localhost' (using password: NO) in D:\wamp64\www\pos\system\Database\MySQLi\Connection.php:185
Stack trace:
#0 D:\wamp64\www\pos\system\Database\MySQLi\Connection.php(185): mysqli->real_connect('localhost', 'root', '', 'pos', 3306, '', 0)
#1 D:\wamp64\www\pos\system\Database\BaseConnection.php(391): CodeIgniter\Database\MySQLi\Connection->connect(false)
#2 D:\wamp64\www\pos\system\Database\BaseConnection.php(574): CodeIgniter\Database\BaseConnection->initialize()
#3 D:\wamp64\www\pos\system\Database\BaseBuilder.php(1616): CodeIgniter\Database\BaseConnection->query('SELECT *\nFROM `...', Array, false)
#4 D:\wamp64\www\pos\system\Model.php(237): CodeIgniter\Database\BaseBuilder->get()
#5 D:\wamp64\www\pos\system\BaseModel.php(624): CodeIgniter\Model->doFindAll(0, 0)
#6 D:\wamp64\www\pos\app\Controllers\Unidades.php(14): CodeIgniter\BaseModel->findAll()
#7 D:\wamp64\www\pos\system\CodeIgniter.php(915): App\Controllers\Unidades->index()
#8 D:\wamp64\www\pos\system\CodeIgniter.php(492): CodeIgniter\CodeIgniter->runController(Object(App\Controllers\Unidades))
#9 D:\wamp64\www\pos\system\CodeIgniter.php(353): CodeIgniter\CodeIgniter->handleRequest(NULL, Object(Config\Cache), false)
#10 D:\wamp64\www\pos\public\index.php(79): CodeIgniter\CodeIgniter->run()
#11 {main}

Next CodeIgniter\Database\Exceptions\DatabaseException: Access denied for user '****'@'localhost' (using password: NO) in D:\wamp64\www\pos\system\Database\MySQLi\Connection.php:229
Stack trace:
#0 D:\wamp64\www\pos\system\Database\BaseConnection.php(391): CodeIgniter\Database\MySQLi\Connection->connect(false)
#1 D:\wamp64\www\pos\system\Database\BaseConnection.php(574): CodeIgniter\Database\BaseConnection->initialize()
#2 D:\wamp64\www\pos\system\Database\BaseBuilder.php(1616): CodeIgniter\Database\BaseConnection->query('SELECT *\nFROM `...', Array, false)
#3 D:\wamp64\www\pos\system\Model.php(237): CodeIgniter\Database\BaseBuilder->get()
#4 D:\wamp64\www\pos\system\BaseModel.php(624): CodeIgniter\Model->doFindAll(0, 0)
#5 D:\wamp64\www\pos\app\Controllers\Unidades.php(14): CodeIgniter\BaseModel->findAll()
#6 D:\wamp64\www\pos\system\CodeIgniter.php(915): App\Controllers\Unidades->index()
#7 D:\wamp64\www\pos\system\CodeIgniter.php(492): CodeIgniter\CodeIgniter->runController(Object(App\Controllers\Unidades))
#8 D:\wamp64\www\pos\system\CodeIgniter.php(353): CodeIgniter\CodeIgniter->handleRequest(NULL, Object(Config\Cache), false)
#9 D:\wamp64\www\pos\public\index.php(79): CodeIgniter\CodeIgniter->run()
#10 {main}
CRITICAL - 2023-09-06 01:26:03 --> Unable to connect to the database.
Main connection [MySQLi]: Access denied for user '****'@'localhost' (using password: NO)
in SYSTEMPATH\Database\BaseConnection.php on line 427.
 1 SYSTEMPATH\Database\BaseConnection.php(574): CodeIgniter\Database\BaseConnection->initialize()
 2 SYSTEMPATH\Database\BaseBuilder.php(1616): CodeIgniter\Database\BaseConnection->query('SELECT *
FROM `unidades`
WHERE `activo` = :activo:', [...], false)
 3 SYSTEMPATH\Model.php(237): CodeIgniter\Database\BaseBuilder->get()
 4 SYSTEMPATH\BaseModel.php(624): CodeIgniter\Model->doFindAll(0, 0)
 5 APPPATH\Controllers\Unidades.php(14): CodeIgniter\BaseModel->findAll()
 6 SYSTEMPATH\CodeIgniter.php(915): App\Controllers\Unidades->index()
 7 SYSTEMPATH\CodeIgniter.php(492): CodeIgniter\CodeIgniter->runController(Object(App\Controllers\Unidades))
 8 SYSTEMPATH\CodeIgniter.php(353): CodeIgniter\CodeIgniter->handleRequest(null, Object(Config\Cache), false)
 9 FCPATH\index.php(79): CodeIgniter\CodeIgniter->run()
ERROR - 2023-09-06 01:26:16 --> Error connecting to the database: mysqli_sql_exception: Access denied for user 'root'@'localhost' (using password: NO) in D:\wamp64\www\pos\system\Database\MySQLi\Connection.php:185
Stack trace:
#0 D:\wamp64\www\pos\system\Database\MySQLi\Connection.php(185): mysqli->real_connect('localhost', 'root', '', 'pos', 3306, '', 0)
#1 D:\wamp64\www\pos\system\Database\BaseConnection.php(391): CodeIgniter\Database\MySQLi\Connection->connect(false)
#2 D:\wamp64\www\pos\system\Database\BaseConnection.php(574): CodeIgniter\Database\BaseConnection->initialize()
#3 D:\wamp64\www\pos\system\Database\BaseBuilder.php(1616): CodeIgniter\Database\BaseConnection->query('SELECT *\nFROM `...', Array, false)
#4 D:\wamp64\www\pos\system\Model.php(237): CodeIgniter\Database\BaseBuilder->get()
#5 D:\wamp64\www\pos\system\BaseModel.php(624): CodeIgniter\Model->doFindAll(0, 0)
#6 D:\wamp64\www\pos\app\Controllers\Unidades.php(14): CodeIgniter\BaseModel->findAll()
#7 D:\wamp64\www\pos\system\CodeIgniter.php(915): App\Controllers\Unidades->index()
#8 D:\wamp64\www\pos\system\CodeIgniter.php(492): CodeIgniter\CodeIgniter->runController(Object(App\Controllers\Unidades))
#9 D:\wamp64\www\pos\system\CodeIgniter.php(353): CodeIgniter\CodeIgniter->handleRequest(NULL, Object(Config\Cache), false)
#10 D:\wamp64\www\pos\public\index.php(79): CodeIgniter\CodeIgniter->run()
#11 {main}

Next CodeIgniter\Database\Exceptions\DatabaseException: Access denied for user '****'@'localhost' (using password: NO) in D:\wamp64\www\pos\system\Database\MySQLi\Connection.php:229
Stack trace:
#0 D:\wamp64\www\pos\system\Database\BaseConnection.php(391): CodeIgniter\Database\MySQLi\Connection->connect(false)
#1 D:\wamp64\www\pos\system\Database\BaseConnection.php(574): CodeIgniter\Database\BaseConnection->initialize()
#2 D:\wamp64\www\pos\system\Database\BaseBuilder.php(1616): CodeIgniter\Database\BaseConnection->query('SELECT *\nFROM `...', Array, false)
#3 D:\wamp64\www\pos\system\Model.php(237): CodeIgniter\Database\BaseBuilder->get()
#4 D:\wamp64\www\pos\system\BaseModel.php(624): CodeIgniter\Model->doFindAll(0, 0)
#5 D:\wamp64\www\pos\app\Controllers\Unidades.php(14): CodeIgniter\BaseModel->findAll()
#6 D:\wamp64\www\pos\system\CodeIgniter.php(915): App\Controllers\Unidades->index()
#7 D:\wamp64\www\pos\system\CodeIgniter.php(492): CodeIgniter\CodeIgniter->runController(Object(App\Controllers\Unidades))
#8 D:\wamp64\www\pos\system\CodeIgniter.php(353): CodeIgniter\CodeIgniter->handleRequest(NULL, Object(Config\Cache), false)
#9 D:\wamp64\www\pos\public\index.php(79): CodeIgniter\CodeIgniter->run()
#10 {main}
CRITICAL - 2023-09-06 01:26:16 --> Unable to connect to the database.
Main connection [MySQLi]: Access denied for user '****'@'localhost' (using password: NO)
in SYSTEMPATH\Database\BaseConnection.php on line 427.
 1 SYSTEMPATH\Database\BaseConnection.php(574): CodeIgniter\Database\BaseConnection->initialize()
 2 SYSTEMPATH\Database\BaseBuilder.php(1616): CodeIgniter\Database\BaseConnection->query('SELECT *
FROM `unidades`
WHERE `activo` = :activo:', [...], false)
 3 SYSTEMPATH\Model.php(237): CodeIgniter\Database\BaseBuilder->get()
 4 SYSTEMPATH\BaseModel.php(624): CodeIgniter\Model->doFindAll(0, 0)
 5 APPPATH\Controllers\Unidades.php(14): CodeIgniter\BaseModel->findAll()
 6 SYSTEMPATH\CodeIgniter.php(915): App\Controllers\Unidades->index()
 7 SYSTEMPATH\CodeIgniter.php(492): CodeIgniter\CodeIgniter->runController(Object(App\Controllers\Unidades))
 8 SYSTEMPATH\CodeIgniter.php(353): CodeIgniter\CodeIgniter->handleRequest(null, Object(Config\Cache), false)
 9 FCPATH\index.php(79): CodeIgniter\CodeIgniter->run()
